<?xml version="1.0" encoding="UTF-8"?>
<!-- Generated by org.testng.reporters.JUnitReportReporter -->
<testsuite hostname="Zade-Maxfield-MacBook-Pro" failures="0" tests="1" name="LDSToolsAppiumTest.LoginPageTest" time="87.949" errors="0" timestamp="18 Jan 2018 22:03:26 GMT">
  <testcase classname="LDSToolsAppiumTest.LoginPageTest" name="loginPageSimple" time="87.949"/>
</testsuite>
