<?xml version="1.0" encoding="UTF-8"?>
<!-- Generated by org.testng.reporters.JUnitReportReporter -->
<testsuite hostname="Zade-Maxfield-MacBook-Pro" failures="0" tests="1" name="LDSToolsAppiumTest.LoginPageTest" time="17.193" errors="0" timestamp="5 Jan 2018 20:53:43 GMT">
  <testcase classname="LDSToolsAppiumTest.LoginPageTest" name="loginPageSimple" time="17.193"/>
</testsuite>
